This file contains any messages produced by compilers while
running configure, to aid debugging if configure makes a mistake.

It was created by configure, which was
generated by GNU Autoconf 2.69.  Invocation command line was

  $ ./configure 

## --------- ##
## Platform. ##
## --------- ##

hostname = 64c63500e3e9
uname -m = x86_64
uname -r = 4.9.184-linuxkit
uname -s = Linux
uname -v = #1 SMP Tue Jul 2 22:58:16 UTC 2019

/usr/bin/uname -p = unknown
/bin/uname -X     = unknown

/bin/arch              = unknown
/usr/bin/arch -k       = unknown
/usr/convex/getsysinfo = unknown
/usr/bin/hostinfo      = unknown
/bin/machine           = unknown
/usr/bin/oslevel       = unknown
/bin/universe          = unknown

PATH: /usr/local/sbin
PATH: /usr/local/bin
PATH: /usr/sbin
PATH: /usr/bin
PATH: /sbin
PATH: /bin


## ----------- ##
## Core tests. ##
## ----------- ##

configure:2307: checking for grep that handles long lines and -e
configure:2365: result: /bin/grep
configure:2370: checking for egrep
configure:2432: result: /bin/grep -E
configure:2437: checking for a sed that does not truncate output
configure:2491: result: /bin/sed
configure:2628: checking for cc
configure:2644: found /usr/bin/cc
configure:2655: result: cc
configure:2686: checking for C compiler version
configure:2695: cc --version >&5
cc (Ubuntu 7.4.0-1ubuntu1~18.04.1) 7.4.0
Copyright (C) 2017 Free Software Foundation, Inc.
This is free software; see the source for copying conditions.  There is NO
warranty; not even for MERCHANTABILITY or FITNESS FOR A PARTICULAR PURPOSE.

configure:2706: $? = 0
configure:2695: cc -v >&5
Using built-in specs.
COLLECT_GCC=cc
COLLECT_LTO_WRAPPER=/usr/lib/gcc/x86_64-linux-gnu/7/lto-wrapper
OFFLOAD_TARGET_NAMES=nvptx-none
OFFLOAD_TARGET_DEFAULT=1
Target: x86_64-linux-gnu
Configured with: ../src/configure -v --with-pkgversion='Ubuntu 7.4.0-1ubuntu1~18.04.1' --with-bugurl=file:///usr/share/doc/gcc-7/README.Bugs --enable-languages=c,ada,c++,go,brig,d,fortran,objc,obj-c++ --prefix=/usr --with-gcc-major-version-only --program-suffix=-7 --program-prefix=x86_64-linux-gnu- --enable-shared --enable-linker-build-id --libexecdir=/usr/lib --without-included-gettext --enable-threads=posix --libdir=/usr/lib --enable-nls --with-sysroot=/ --enable-clocale=gnu --enable-libstdcxx-debug --enable-libstdcxx-time=yes --with-default-libstdcxx-abi=new --enable-gnu-unique-object --disable-vtable-verify --enable-libmpx --enable-plugin --enable-default-pie --with-system-zlib --with-target-system-zlib --enable-objc-gc=auto --enable-multiarch --disable-werror --with-arch-32=i686 --with-abi=m64 --with-multilib-list=m32,m64,mx32 --enable-multilib --with-tune=generic --enable-offload-targets=nvptx-none --without-cuda-driver --enable-checking=release --build=x86_64-linux-gnu --host=x86_64-linux-gnu --target=x86_64-linux-gnu
Thread model: posix
gcc version 7.4.0 (Ubuntu 7.4.0-1ubuntu1~18.04.1) 
configure:2706: $? = 0
configure:2695: cc -V >&5
cc: error: unrecognized command line option '-V'
cc: fatal error: no input files
compilation terminated.
configure:2706: $? = 1
configure:2695: cc -qversion >&5
cc: error: unrecognized command line option '-qversion'; did you mean '--version'?
cc: fatal error: no input files
compilation terminated.
configure:2706: $? = 1
configure:2726: checking whether the C compiler works
configure:2748: cc    conftest.c  >&5
configure:2752: $? = 0
configure:2800: result: yes
configure:2803: checking for C compiler default output file name
configure:2805: result: a.out
configure:2811: checking for suffix of executables
configure:2818: cc -o conftest    conftest.c  >&5
configure:2822: $? = 0
configure:2844: result: 
configure:2866: checking whether we are cross compiling
configure:2874: cc -o conftest    conftest.c  >&5
configure:2878: $? = 0
configure:2885: ./conftest
configure:2889: $? = 0
configure:2904: result: no
configure:2909: checking for suffix of object files
configure:2931: cc -c   conftest.c >&5
configure:2935: $? = 0
configure:2956: result: o
configure:2960: checking whether we are using the GNU C compiler
configure:2979: cc -c   conftest.c >&5
configure:2979: $? = 0
configure:2988: result: yes
configure:2997: checking whether cc accepts -g
configure:3017: cc -c -g  conftest.c >&5
configure:3017: $? = 0
configure:3058: result: yes
configure:3075: checking for cc option to accept ISO C89
configure:3138: cc  -c -g -O2  conftest.c >&5
configure:3138: $? = 0
configure:3151: result: none needed
configure:3177: checking how to run the C preprocessor
configure:3208: cc -E  conftest.c
configure:3208: $? = 0
configure:3222: cc -E  conftest.c
conftest.c:9:10: fatal error: ac_nonexistent.h: No such file or directory
 #include <ac_nonexistent.h>
          ^~~~~~~~~~~~~~~~~~
compilation terminated.
configure:3222: $? = 1
configure: failed program was:
| /* confdefs.h */
| #define PACKAGE_NAME ""
| #define PACKAGE_TARNAME ""
| #define PACKAGE_VERSION ""
| #define PACKAGE_STRING ""
| #define PACKAGE_BUGREPORT ""
| #define PACKAGE_URL ""
| /* end confdefs.h.  */
| #include <ac_nonexistent.h>
configure:3247: result: cc -E
configure:3267: cc -E  conftest.c
configure:3267: $? = 0
configure:3281: cc -E  conftest.c
conftest.c:9:10: fatal error: ac_nonexistent.h: No such file or directory
 #include <ac_nonexistent.h>
          ^~~~~~~~~~~~~~~~~~
compilation terminated.
configure:3281: $? = 1
configure: failed program was:
| /* confdefs.h */
| #define PACKAGE_NAME ""
| #define PACKAGE_TARNAME ""
| #define PACKAGE_VERSION ""
| #define PACKAGE_STRING ""
| #define PACKAGE_BUGREPORT ""
| #define PACKAGE_URL ""
| /* end confdefs.h.  */
| #include <ac_nonexistent.h>
configure:3312: checking for icc
configure:3321: result: no
configure:3335: checking for suncc
configure:3344: result: no
configure:3362: checking whether cc understands -c and -o together
configure:3390: cc -c conftest.c -o conftest2.o >&5
configure:3394: $? = 0
configure:3400: cc -c conftest.c -o conftest2.o >&5
configure:3404: $? = 0
configure:3459: result: yes
configure:3473: checking for system library directory
configure:3488: result: lib
configure:3495: checking if compiler supports -R
configure:3514: cc -o conftest -g -O2   conftest.c -R /usr/lib  >&5
cc: error: unrecognized command line option '-R'
configure:3514: $? = 1
configure: failed program was:
| /* confdefs.h */
| #define PACKAGE_NAME ""
| #define PACKAGE_TARNAME ""
| #define PACKAGE_VERSION ""
| #define PACKAGE_STRING ""
| #define PACKAGE_BUGREPORT ""
| #define PACKAGE_URL ""
| /* end confdefs.h.  */
| 
| int
| main ()
| {
| 
|   ;
|   return 0;
| }
configure:3524: result: no
configure:3529: checking if compiler supports -Wl,-rpath,
configure:3548: cc -o conftest -g -O2   conftest.c -Wl,-rpath,/usr/lib  >&5
configure:3548: $? = 0
configure:3558: result: yes
configure:3603: checking build system type
configure:3617: result: x86_64-pc-linux-gnu
configure:3637: checking host system type
configure:3650: result: x86_64-pc-linux-gnu
configure:3670: checking target system type
configure:3683: result: x86_64-pc-linux-gnu
configure:3786: checking for PHP prefix
configure:3788: result: /usr/local
configure:3790: checking for PHP includes
configure:3792: result: -I/usr/local/include/php -I/usr/local/include/php/main -I/usr/local/include/php/TSRM -I/usr/local/include/php/Zend -I/usr/local/include/php/ext -I/usr/local/include/php/ext/date/lib
configure:3794: checking for PHP extension directory
configure:3796: result: /usr/local/lib/php/extensions/no-debug-non-zts-20180731
configure:3798: checking for PHP installed headers prefix
configure:3800: result: /usr/local/include/php
configure:3803: checking if debug is enabled
configure:3829: result: no
configure:3832: checking if zts is enabled
configure:3858: result: no
configure:3929: checking for re2c
configure:3959: result: no
configure:3984: WARNING: You will need re2c 0.13.4 or later if you want to regenerate PHP parsers.
configure:3998: checking for gawk
configure:4029: result: no
configure:3998: checking for nawk
configure:4015: found /usr/bin/nawk
configure:4026: result: nawk
configure:4049: checking if nawk is broken
configure:4056: result: no
configure:4069: checking whether to enable ext_demo support
configure:4108: result: yes, shared
configure:4455: checking for ld used by cc
configure:4522: result: /usr/bin/ld
configure:4529: checking if the linker (/usr/bin/ld) is GNU ld
configure:4544: result: yes
configure:4549: checking for /usr/bin/ld option to reload object files
configure:4556: result: -r
configure:4574: checking for BSD-compatible nm
configure:4623: result: /usr/bin/nm -B
configure:4627: checking whether ln -s works
configure:4631: result: yes
configure:4638: checking how to recognize dependent libraries
configure:4824: result: pass_all
configure:4909: cc -c -g -O2  conftest.c >&5
configure:4912: $? = 0
configure:5042: checking for ANSI C header files
configure:5062: cc -c -g -O2  conftest.c >&5
configure:5062: $? = 0
configure:5135: cc -o conftest -g -O2   conftest.c  >&5
configure:5135: $? = 0
configure:5135: ./conftest
configure:5135: $? = 0
configure:5146: result: yes
configure:5159: checking for sys/types.h
configure:5159: cc -c -g -O2  conftest.c >&5
configure:5159: $? = 0
configure:5159: result: yes
configure:5159: checking for sys/stat.h
configure:5159: cc -c -g -O2  conftest.c >&5
configure:5159: $? = 0
configure:5159: result: yes
configure:5159: checking for stdlib.h
configure:5159: cc -c -g -O2  conftest.c >&5
configure:5159: $? = 0
configure:5159: result: yes
configure:5159: checking for string.h
configure:5159: cc -c -g -O2  conftest.c >&5
configure:5159: $? = 0
configure:5159: result: yes
configure:5159: checking for memory.h
configure:5159: cc -c -g -O2  conftest.c >&5
configure:5159: $? = 0
configure:5159: result: yes
configure:5159: checking for strings.h
configure:5159: cc -c -g -O2  conftest.c >&5
configure:5159: $? = 0
configure:5159: result: yes
configure:5159: checking for inttypes.h
configure:5159: cc -c -g -O2  conftest.c >&5
configure:5159: $? = 0
configure:5159: result: yes
configure:5159: checking for stdint.h
configure:5159: cc -c -g -O2  conftest.c >&5
configure:5159: $? = 0
configure:5159: result: yes
configure:5159: checking for unistd.h
configure:5159: cc -c -g -O2  conftest.c >&5
configure:5159: $? = 0
configure:5159: result: yes
configure:5173: checking dlfcn.h usability
configure:5173: cc -c -g -O2  conftest.c >&5
configure:5173: $? = 0
configure:5173: result: yes
configure:5173: checking dlfcn.h presence
configure:5173: cc -E  conftest.c
configure:5173: $? = 0
configure:5173: result: yes
configure:5173: checking for dlfcn.h
configure:5173: result: yes
configure:5195: checking the maximum length of command line arguments
configure:5307: result: 1572864
configure:5319: checking command to parse /usr/bin/nm -B output from cc object
configure:5424: cc -c -g -O2  conftest.c >&5
configure:5427: $? = 0
configure:5431: /usr/bin/nm -B conftest.o \| sed -n -e 's/^.*[ 	]\([ABCDGIRSTW][ABCDGIRSTW]*\)[ 	][ 	]*\([_A-Za-z][_A-Za-z0-9]*\)$/\1 \2 \2/p' \> conftest.nm
configure:5434: $? = 0
configure:5486: cc -o conftest -g -O2   conftest.c conftstm.o >&5
configure:5489: $? = 0
configure:5527: result: ok
configure:5531: checking for objdir
configure:5546: result: .libs
configure:5638: checking for ar
configure:5654: found /usr/bin/ar
configure:5665: result: ar
configure:5730: checking for ranlib
configure:5746: found /usr/bin/ranlib
configure:5757: result: ranlib
configure:5822: checking for strip
configure:5838: found /usr/bin/strip
configure:5849: result: strip
configure:6418: checking if cc supports -fno-rtti -fno-exceptions
configure:6436: cc -c -g -O2  -fno-rtti -fno-exceptions conftest.c >&5
cc1: warning: command line option '-fno-rtti' is valid for C++/ObjC++ but not for C
configure:6440: $? = 0
configure:6453: result: no
configure:6468: checking for cc option to produce PIC
configure:6708: result: -fPIC
configure:6716: checking if cc PIC flag -fPIC works
configure:6734: cc -c -g -O2  -fPIC -DPIC conftest.c >&5
configure:6738: $? = 0
configure:6751: result: yes
configure:6779: checking if cc static flag -static works
configure:6807: result: yes
configure:6817: checking if cc supports -c -o file.o
configure:6838: cc -c -g -O2  -o out/conftest2.o conftest.c >&5
configure:6842: $? = 0
configure:6864: result: yes
configure:6890: checking whether the cc linker (/usr/bin/ld -m elf_x86_64) supports shared libraries
configure:7818: result: yes
configure:7839: checking whether -lc should be explicitly linked in
configure:7844: cc -c -g -O2  conftest.c >&5
configure:7847: $? = 0
configure:7862: cc -shared conftest.o  -v -Wl,-soname -Wl,conftest -o conftest 2\>\&1 \| grep  -lc  \>/dev/null 2\>\&1
configure:7865: $? = 0
configure:7877: result: no
configure:7885: checking dynamic linker characteristics
configure:8483: result: GNU/Linux ld.so
configure:8507: checking how to hardcode library paths into programs
configure:8532: result: immediate
configure:8546: checking whether stripping libraries is possible
configure:8551: result: yes
configure:9068: checking if libtool supports shared libraries
configure:9070: result: yes
configure:9073: checking whether to build shared libraries
configure:9094: result: yes
configure:9097: checking whether to build static libraries
configure:9101: result: no
configure:9196: result:
creating libtool
configure:12894: creating ./config.status

## ---------------------- ##
## Running config.status. ##
## ---------------------- ##

This file was extended by config.status, which was
generated by GNU Autoconf 2.69.  Invocation command line was

  CONFIG_FILES    = 
  CONFIG_HEADERS  = 
  CONFIG_LINKS    = 
  CONFIG_COMMANDS = 
  $ ./config.status 

on 64c63500e3e9

config.status:676: creating config.h
config.status:766: config.h is unchanged

## ---------------- ##
## Cache variables. ##
## ---------------- ##

ac_cv_build=x86_64-pc-linux-gnu
ac_cv_c_compiler_gnu=yes
ac_cv_env_CC_set=
ac_cv_env_CC_value=
ac_cv_env_CFLAGS_set=
ac_cv_env_CFLAGS_value=
ac_cv_env_CPPFLAGS_set=
ac_cv_env_CPPFLAGS_value=
ac_cv_env_CPP_set=
ac_cv_env_CPP_value=
ac_cv_env_LDFLAGS_set=
ac_cv_env_LDFLAGS_value=
ac_cv_env_LIBS_set=
ac_cv_env_LIBS_value=
ac_cv_env_build_alias_set=
ac_cv_env_build_alias_value=
ac_cv_env_host_alias_set=
ac_cv_env_host_alias_value=
ac_cv_env_target_alias_set=
ac_cv_env_target_alias_value=
ac_cv_header_dlfcn_h=yes
ac_cv_header_inttypes_h=yes
ac_cv_header_memory_h=yes
ac_cv_header_stdc=yes
ac_cv_header_stdint_h=yes
ac_cv_header_stdlib_h=yes
ac_cv_header_string_h=yes
ac_cv_header_strings_h=yes
ac_cv_header_sys_stat_h=yes
ac_cv_header_sys_types_h=yes
ac_cv_header_unistd_h=yes
ac_cv_host=x86_64-pc-linux-gnu
ac_cv_objext=o
ac_cv_path_EGREP='/bin/grep -E'
ac_cv_path_GREP=/bin/grep
ac_cv_prog_AWK=nawk
ac_cv_prog_CPP='cc -E'
ac_cv_prog_ac_ct_AR=ar
ac_cv_prog_ac_ct_CC=cc
ac_cv_prog_ac_ct_RANLIB=ranlib
ac_cv_prog_ac_ct_STRIP=strip
ac_cv_prog_cc_c89=
ac_cv_prog_cc_cc_c_o=yes
ac_cv_prog_cc_g=yes
ac_cv_target=x86_64-pc-linux-gnu
lt_cv_deplibs_check_method=pass_all
lt_cv_file_magic_cmd='$MAGIC_CMD'
lt_cv_file_magic_test_file=
lt_cv_ld_reload_flag=-r
lt_cv_objdir=.libs
lt_cv_path_LD=/usr/bin/ld
lt_cv_path_NM='/usr/bin/nm -B'
lt_cv_path_SED=/bin/sed
lt_cv_prog_compiler_c_o=yes
lt_cv_prog_compiler_pic_works=yes
lt_cv_prog_compiler_rtti_exceptions=no
lt_cv_prog_compiler_static_works=yes
lt_cv_prog_gnu_ld=yes
lt_cv_sys_global_symbol_pipe='sed -n -e '\''s/^.*[ 	]\([ABCDGIRSTW][ABCDGIRSTW]*\)[ 	][ 	]*\([_A-Za-z][_A-Za-z0-9]*\)$/\1 \2 \2/p'\'''
lt_cv_sys_global_symbol_to_c_name_address='sed -n -e '\''s/^: \([^ ]*\) $/  {\"\1\", (lt_ptr) 0},/p'\'' -e '\''s/^[BCDEGRST] \([^ ]*\) \([^ ]*\)$/  {"\2", (lt_ptr) \&\2},/p'\'''
lt_cv_sys_global_symbol_to_cdecl='sed -n -e '\''s/^. .* \(.*\)$/extern int \1;/p'\'''
lt_cv_sys_lib_dlsearch_path_spec='/lib /usr/lib /usr/lib/x86_64-linux-gnu/libfakeroot /usr/local/lib /usr/local/lib/x86_64-linux-gnu /lib/x86_64-linux-gnu /usr/lib/x86_64-linux-gnu '
lt_cv_sys_lib_search_path_spec='/usr/lib/gcc/x86_64-linux-gnu/7 /usr/lib/x86_64-linux-gnu /usr/lib /lib/x86_64-linux-gnu /lib'
lt_cv_sys_max_cmd_len=1572864
lt_lt_cv_prog_compiler_c_o='"yes"'
lt_lt_cv_sys_global_symbol_pipe='"sed -n -e '\''s/^.*[ 	]\\([ABCDGIRSTW][ABCDGIRSTW]*\\)[ 	][ 	]*\\([_A-Za-z][_A-Za-z0-9]*\\)\$/\\1 \\2 \\2/p'\''"'
lt_lt_cv_sys_global_symbol_to_c_name_address='"sed -n -e '\''s/^: \\([^ ]*\\) \$/  {\\\"\\1\\\", (lt_ptr) 0},/p'\'' -e '\''s/^[BCDEGRST] \\([^ ]*\\) \\([^ ]*\\)\$/  {\"\\2\", (lt_ptr) \\&\\2},/p'\''"'
lt_lt_cv_sys_global_symbol_to_cdecl='"sed -n -e '\''s/^. .* \\(.*\\)\$/extern int \\1;/p'\''"'
php_cv_cc_dashr=no
php_cv_cc_rpath=yes

## ----------------- ##
## Output variables. ##
## ----------------- ##

AR='ar'
AWK='nawk'
CC='cc'
CFLAGS='-g -O2'
CONFIGURE_COMMAND=' '\''./configure'\'' '
CONFIGURE_OPTIONS=''
CPP='cc -E'
CPPFLAGS=' -DHAVE_CONFIG_H'
DEFS='-DHAVE_CONFIG_H'
DSYMUTIL=''
ECHO='echo'
ECHO_C=''
ECHO_N='-n'
ECHO_T=''
EGREP='/bin/grep -E'
EXEEXT=''
GREP='/bin/grep'
LDFLAGS=''
LIBOBJS=''
LIBS=''
LIBTOOL='$(SHELL) $(top_builddir)/libtool'
LN_S='ln -s'
LTLIBOBJS=''
NMEDIT=''
OBJEXT='o'
PACKAGE_BUGREPORT=''
PACKAGE_NAME=''
PACKAGE_STRING=''
PACKAGE_TARNAME=''
PACKAGE_URL=''
PACKAGE_VERSION=''
PATH_SEPARATOR=':'
RANLIB='ranlib'
RE2C='exit 0;'
SED='/bin/sed'
SHELL='/bin/bash'
SHLIB_DL_SUFFIX_NAME='so'
SHLIB_SUFFIX_NAME='so'
STRIP='strip'
ac_ct_CC='cc'
bindir='${exec_prefix}/bin'
build='x86_64-pc-linux-gnu'
build_alias=''
build_cpu='x86_64'
build_os='linux-gnu'
build_vendor='pc'
datadir='${datarootdir}'
datarootdir='${prefix}/share'
docdir='${datarootdir}/doc/${PACKAGE}'
dvidir='${docdir}'
exec_prefix='$(prefix)'
host='x86_64-pc-linux-gnu'
host_alias='x86_64-pc-linux-gnu'
host_cpu='x86_64'
host_os='linux-gnu'
host_vendor='pc'
htmldir='${docdir}'
includedir='${prefix}/include'
infodir='${datarootdir}/info'
libdir='${exec_prefix}/lib'
libexecdir='${exec_prefix}/libexec'
localedir='${datarootdir}/locale'
localstatedir='${prefix}/var'
mandir='${datarootdir}/man'
oldincludedir='/usr/include'
pdfdir='${docdir}'
prefix='/usr/local'
program_transform_name='s,x,x,'
psdir='${docdir}'
runstatedir='${localstatedir}/run'
sbindir='${exec_prefix}/sbin'
sharedstatedir='${prefix}/com'
sysconfdir='${prefix}/etc'
target='x86_64-pc-linux-gnu'
target_alias=''
target_cpu='x86_64'
target_os='linux-gnu'
target_vendor='pc'

## ----------- ##
## confdefs.h. ##
## ----------- ##

/* confdefs.h */
#define PACKAGE_NAME ""
#define PACKAGE_TARNAME ""
#define PACKAGE_VERSION ""
#define PACKAGE_STRING ""
#define PACKAGE_BUGREPORT ""
#define PACKAGE_URL ""
#define COMPILE_DL_EXT_DEMO 1
#define STDC_HEADERS 1
#define HAVE_SYS_TYPES_H 1
#define HAVE_SYS_STAT_H 1
#define HAVE_STDLIB_H 1
#define HAVE_STRING_H 1
#define HAVE_MEMORY_H 1
#define HAVE_STRINGS_H 1
#define HAVE_INTTYPES_H 1
#define HAVE_STDINT_H 1
#define HAVE_UNISTD_H 1
#define HAVE_DLFCN_H 1

configure: exit 0
